<?xml version="1.0" encoding="utf-8"?><testsuites name="pytest tests"><testsuite name="pytest" errors="0" failures="0" skipped="0" tests="16" time="2.328" timestamp="2026-04-12T11:08:38.362737+00:00" hostname="agent-env-9ff0213a-ff8f-4d5e-9c82-c93a2be44af7"><testcase classname="tests.test_auth_security.TestHealthAndBasics" name="test_health_endpoint" time="0.270" /><testcase classname="tests.test_auth_security.TestHealthAndBasics" name="test_security_headers_present" time="0.127" /><testcase classname="tests.test_auth_security.TestAuthentication" name="test_login_success" time="0.105" /><testcase classname="tests.test_auth_security.TestAuthentication" name="test_login_invalid_credentials" time="0.123" /><testcase classname="tests.test_auth_security.TestAuthentication" name="test_login_missing_fields" time="0.112" /><testcase classname="tests.test_auth_security.TestAuthentication" name="test_verify_token_valid" time="0.273" /><testcase classname="tests.test_auth_security.TestAuthentication" name="test_verify_token_invalid" time="0.106" /><testcase classname="tests.test_auth_security.TestAuthentication" name="test_verify_token_missing" time="0.137" /><testcase classname="tests.test_auth_security.TestProtectedEndpoints" name="test_employees_without_auth" time="0.099" /><testcase classname="tests.test_auth_security.TestProtectedEndpoints" name="test_employees_with_auth" time="0.218" /><testcase classname="tests.test_auth_security.TestProtectedEndpoints" name="test_salary_history_without_auth" time="0.115" /><testcase classname="tests.test_auth_security.TestProtectedEndpoints" name="test_salary_history_with_auth" time="0.216" /><testcase classname="tests.test_auth_security.TestProtectedEndpoints" name="test_advance_list_without_auth" time="0.109" /><testcase classname="tests.test_auth_security.TestProtectedEndpoints" name="test_advance_list_with_auth" time="0.202" /><testcase classname="tests.test_auth_security.TestCORSConfiguration" name="test_cors_not_wildcard" time="0.000" /><testcase classname="tests.test_auth_security.TestPostHogConfiguration" name="test_posthog_disabled" time="0.000" /></testsuite></testsuites>