<?xml version="1.0" encoding="utf-8"?><testsuites name="pytest tests"><testsuite name="pytest" errors="0" failures="0" skipped="0" tests="15" time="1.170" timestamp="2026-02-21T11:51:03.846056+00:00" hostname="agent-env-fa823371-74b2-41e6-b0df-e9d9577f26f0"><testcase classname="backend.tests.test_flipkart_invoice_extraction.TestFlipkartInvoiceExtraction" name="test_job_exists_and_completed" time="0.300" /><testcase classname="backend.tests.test_flipkart_invoice_extraction.TestFlipkartInvoiceExtraction" name="test_all_files_processed_successfully" time="0.000" /><testcase classname="backend.tests.test_flipkart_invoice_extraction.TestFlipkartInvoiceExtraction" name="test_flipkart1_credit_note_extraction" time="0.000" /><testcase classname="backend.tests.test_flipkart_invoice_extraction.TestFlipkartInvoiceExtraction" name="test_flipkart2_tax_invoice_extraction" time="0.000" /><testcase classname="backend.tests.test_flipkart_invoice_extraction.TestFlipkartInvoiceExtraction" name="test_flipkart3_commercial_credit_note_extraction" time="0.000" /><testcase classname="backend.tests.test_flipkart_invoice_extraction.TestFlipkartInvoiceExtraction" name="test_flipkart4_commercial_credit_note_extraction" time="0.000" /><testcase classname="backend.tests.test_flipkart_invoice_extraction.TestExcelExport" name="test_excel_export_success" time="0.122" /><testcase classname="backend.tests.test_flipkart_invoice_extraction.TestCSVExport" name="test_csv_export_success" time="0.137" /><testcase classname="backend.tests.test_flipkart_invoice_extraction.TestInvoiceAPIEndpoints" name="test_invoice_root_endpoint" time="0.124" /><testcase classname="backend.tests.test_flipkart_invoice_extraction.TestInvoiceAPIEndpoints" name="test_job_not_found" time="0.103" /><testcase classname="backend.tests.test_flipkart_invoice_extraction.TestInvoiceAPIEndpoints" name="test_export_on_incomplete_job" time="0.148" /><testcase classname="backend.tests.test_flipkart_invoice_extraction.TestDataIntegrity" name="test_all_amounts_are_valid_numbers" time="0.106" /><testcase classname="backend.tests.test_flipkart_invoice_extraction.TestDataIntegrity" name="test_sac_codes_format" time="0.000" /><testcase classname="backend.tests.test_flipkart_invoice_extraction.TestDataIntegrity" name="test_gstin_format" time="0.000" /><testcase classname="backend.tests.test_flipkart_invoice_extraction.TestDataIntegrity" name="test_extraction_method_recorded" time="0.000" /></testsuite></testsuites>