<?xml version="1.0" encoding="utf-8"?><testsuites name="pytest tests"><testsuite name="pytest" errors="0" failures="0" skipped="0" tests="11" time="2.717" timestamp="2026-04-12T11:20:56.393593+00:00" hostname="agent-env-9ff0213a-ff8f-4d5e-9c82-c93a2be44af7"><testcase classname="backend.tests.test_rate_limit_localstorage.TestHealthCheck" name="test_health_endpoint" time="0.257" /><testcase classname="backend.tests.test_rate_limit_localstorage.TestRateLimiting" name="test_login_rate_limit_configured" time="0.113" /><testcase classname="backend.tests.test_rate_limit_localstorage.TestRateLimiting" name="test_employees_post_rate_limit_configured" time="0.272" /><testcase classname="backend.tests.test_rate_limit_localstorage.TestRateLimiting" name="test_salary_save_rate_limit_configured" time="0.250" /><testcase classname="backend.tests.test_rate_limit_localstorage.TestEmployeesFromMongoDB" name="test_get_employees_from_server" time="0.252" /><testcase classname="backend.tests.test_rate_limit_localstorage.TestEmployeesFromMongoDB" name="test_employees_without_auth_returns_401" time="0.105" /><testcase classname="backend.tests.test_rate_limit_localstorage.TestAdvanceEndpoints" name="test_advance_list_endpoint" time="0.217" /><testcase classname="backend.tests.test_rate_limit_localstorage.TestAdvanceEndpoints" name="test_advance_list_without_auth_returns_401" time="0.105" /><testcase classname="backend.tests.test_rate_limit_localstorage.TestSalaryHistory" name="test_salary_history_endpoint" time="0.202" /><testcase classname="backend.tests.test_rate_limit_localstorage.TestSalaryHistory" name="test_salary_history_without_auth_returns_401" time="0.104" /><testcase classname="backend.tests.test_rate_limit_localstorage.TestRateLimitStress" name="test_login_rate_limit_429_response" time="0.738" /></testsuite></testsuites>