<?xml version="1.0" encoding="utf-8"?><testsuites name="pytest tests"><testsuite name="pytest" errors="0" failures="0" skipped="1" tests="10" time="1.666" timestamp="2026-02-28T06:36:21.500292+00:00" hostname="agent-env-9ff0213a-ff8f-4d5e-9c82-c93a2be44af7"><testcase classname="backend.tests.test_orderhub_admin.TestOrderHubAdminDataSummary" name="test_data_summary_returns_counts" time="0.193" /><testcase classname="backend.tests.test_orderhub_admin.TestResetOrdersEndpoint" name="test_reset_orders_without_confirm_returns_warning" time="0.131" /><testcase classname="backend.tests.test_orderhub_admin.TestResetOrdersEndpoint" name="test_reset_orders_with_confirm_false_returns_warning" time="0.123" /><testcase classname="backend.tests.test_orderhub_admin.TestResetMasterEndpoint" name="test_reset_master_without_confirm_returns_warning" time="0.137" /><testcase classname="backend.tests.test_orderhub_admin.TestDeleteUploadEndpoint" name="test_delete_upload_nonexistent_file_returns_404" time="0.192" /><testcase classname="backend.tests.test_orderhub_admin.TestDeleteUploadEndpoint" name="test_delete_upload_without_confirm_returns_warning" time="0.147"><skipped type="pytest.skip" message="No uploaded files to test with">/app/backend/tests/test_orderhub_admin.py:128: No uploaded files to test with</skipped></testcase><testcase classname="backend.tests.test_orderhub_admin.TestResetAllEndpoint" name="test_reset_all_without_proper_confirm_returns_warning" time="0.146" /><testcase classname="backend.tests.test_orderhub_admin.TestResetAllEndpoint" name="test_reset_all_with_empty_confirm_returns_error" time="0.137" /><testcase classname="backend.tests.test_orderhub_admin.TestRemapUnmappedEndpoint" name="test_remap_unmapped_works" time="0.138" /><testcase classname="backend.tests.test_orderhub_admin.TestConfirmMechanismSafety" name="test_all_destructive_endpoints_have_safety" time="0.250" /></testsuite></testsuites>