<?xml version="1.0" encoding="utf-8"?><testsuites name="pytest tests"><testsuite name="pytest" errors="0" failures="0" skipped="0" tests="18" time="2.526" timestamp="2026-02-21T12:04:11.248453+00:00" hostname="agent-env-fa823371-74b2-41e6-b0df-e9d9577f26f0"><testcase classname="backend.tests.test_salary_history.TestSalaryHistoryHealthCheck" name="test_api_health" time="0.281" /><testcase classname="backend.tests.test_salary_history.TestSalaryHistoryList" name="test_get_salary_history_list" time="0.109" /><testcase classname="backend.tests.test_salary_history.TestSalaryHistoryDetail" name="test_get_salary_for_existing_month" time="0.104" /><testcase classname="backend.tests.test_salary_history.TestSalaryHistoryDetail" name="test_get_salary_for_dec_2025" time="0.113" /><testcase classname="backend.tests.test_salary_history.TestSalaryHistoryDetail" name="test_get_salary_for_nonexistent_month" time="0.104" /><testcase classname="backend.tests.test_salary_history.TestSalarySave" name="test_save_new_salary_record" time="0.153" /><testcase classname="backend.tests.test_salary_history.TestSalarySave" name="test_upsert_existing_salary_record" time="0.195" /><testcase classname="backend.tests.test_salary_history.TestSalaryUpdate" name="test_update_employee_salary_in_record" time="0.152" /><testcase classname="backend.tests.test_salary_history.TestSalaryUpdate" name="test_update_nonexistent_employee" time="0.099" /><testcase classname="backend.tests.test_salary_history.TestSalaryUpdate" name="test_update_nonexistent_record" time="0.100" /><testcase classname="backend.tests.test_salary_history.TestSalaryCompare" name="test_compare_two_existing_months" time="0.109" /><testcase classname="backend.tests.test_salary_history.TestSalaryCompare" name="test_compare_with_missing_month" time="0.099" /><testcase classname="backend.tests.test_salary_history.TestSalaryCompare" name="test_compare_both_months_missing" time="0.150" /><testcase classname="backend.tests.test_salary_history.TestEmployeeGrowth" name="test_get_employee_growth_existing" time="0.096" /><testcase classname="backend.tests.test_salary_history.TestEmployeeGrowth" name="test_get_employee_growth_nonexistent" time="0.109" /><testcase classname="backend.tests.test_salary_history.TestSalaryDelete" name="test_delete_salary_record" time="0.201" /><testcase classname="backend.tests.test_salary_history.TestSalaryDelete" name="test_delete_nonexistent_record" time="0.096" /><testcase classname="backend.tests.test_salary_history.TestCleanup" name="test_cleanup_test_data" time="0.101" /></testsuite></testsuites>